2014-05-07/15:47:21.171 [quartzScheduler_Worker-1]  ERROR listeners.ExceptionPrinterJobListener - Exception occured in job: MyGroup.openlabframework.CleanTempJob
org.quartz.JobExecutionException: Could not find which method <init>() to invoke from this list:
  public java.io.File#<init>(java.lang.String, java.lang.String)
  public java.io.File#<init>(java.lang.String)
  private java.io.File#<init>(java.lang.String, java.io.File)
  public java.io.File#<init>(java.io.File, java.lang.String)
  public java.io.File#<init>(java.net.URI)
  private java.io.File#<init>(java.lang.String, int) [See nested exception: org.codehaus.groovy.runtime.metaclass.MethodSelectionException: Could not find which method <init>() to invoke from this list:
  public java.io.File#<init>(java.lang.String, java.lang.String)
  public java.io.File#<init>(java.lang.String)
  private java.io.File#<init>(java.lang.String, java.io.File)
  public java.io.File#<init>(java.io.File, java.lang.String)
  public java.io.File#<init>(java.net.URI)
  private java.io.File#<init>(java.lang.String, int)]
	at org.quartz.core.JobRunShell.run(JobRunShell.java:199)
	at org.quartz.simpl.SimpleThreadPool$WorkerThread.run(SimpleThreadPool.java:546)
Caused by: org.codehaus.groovy.runtime.metaclass.MethodSelectionException: Could not find which method <init>() to invoke from this list:
  public java.io.File#<init>(java.lang.String, java.lang.String)
  public java.io.File#<init>(java.lang.String)
  private java.io.File#<init>(java.lang.String, java.io.File)
  public java.io.File#<init>(java.io.File, java.lang.String)
  public java.io.File#<init>(java.net.URI)
  private java.io.File#<init>(java.lang.String, int)
	at openlabframework.CleanTempJob.execute(CleanTempJob.groovy:46)
	... 2 more
2014-05-07/15:53:48.820 [http-bio-8080-exec-7]  ERROR richui.PortletTagLib - de.andreasschmitt.richui.taglib.renderer.RenderException: Error rendering with attrs: [views:[1, 2, 3, 4, 5, 6, 7, 8, 9, 10], controller:addin, action:/OpenLabFramework/addin/swapPositions, readOnly:true, page:1]
2014-05-07/15:53:57.837 [http-bio-8080-exec-2]  ERROR richui.PortletTagLib - de.andreasschmitt.richui.taglib.renderer.RenderException: Error rendering with attrs: [views:[1, 2, 3, 4, 5, 6, 7, 8, 9, 10], controller:addin, action:/OpenLabFramework/addin/swapPositions, readOnly:true, page:1]
2014-05-07/15:56:31.912 [http-bio-8080-exec-9]  ERROR richui.PortletTagLib - de.andreasschmitt.richui.taglib.renderer.RenderException: Error rendering with attrs: [views:[1, 2, 3, 4, 5, 6, 7, 8, 9, 10], controller:addin, action:/OpenLabFramework/addin/swapPositions, readOnly:true, page:1]
2014-05-07/16:34:34.051 [http-bio-8080-exec-1]  ERROR richui.PortletTagLib - de.andreasschmitt.richui.taglib.renderer.RenderException: Error rendering with attrs: [views:[1, 2, 3, 4, 5, 6, 7, 8, 9, 10], controller:addin, action:/OpenLabFramework/addin/swapPositions, readOnly:true, page:1]
2014-05-07/16:36:58.459 [http-bio-8080-exec-8]  ERROR richui.PortletTagLib - de.andreasschmitt.richui.taglib.renderer.RenderException: Error rendering with attrs: [views:[1, 2, 3, 4, 5, 6, 7, 8, 9, 10], controller:addin, action:/OpenLabFramework/addin/swapPositions, readOnly:true, page:1]
2014-05-07/16:37:24.651 [http-bio-8080-exec-6]  ERROR errors.GrailsExceptionResolver - MissingPropertyException occurred when processing request: [POST] /OpenLabFramework/noteItem/actualFinalize - parameters:
id: 1
title: TEST
status: final
password: 
note: TEST
version: 4
No such property: id for class: org.openlab.notes.NoteItemController. Stacktrace follows:
groovy.lang.MissingPropertyException: No such property: id for class: org.openlab.notes.NoteItemController
	at org.openlab.notes.NoteItemController$$EOdaRo6C.actualFinalize(NoteItemController.groovy:148)
	at java.util.concurrent.ThreadPoolExecutor.runWorker(ThreadPoolExecutor.java:1145)
	at java.util.concurrent.ThreadPoolExecutor$Worker.run(ThreadPoolExecutor.java:615)
	at java.lang.Thread.run(Thread.java:745)
2014-05-07/17:08:19.581 [http-bio-8080-exec-3]  ERROR errors.GrailsExceptionResolver - MissingMethodException occurred when processing request: [POST] /OpenLabFramework/noteItem/actualFinalize - parameters:
id: 2
title: TEST2
status: final
password: 
note: TEST3
version: 2
No signature of method: org.openlab.notes.NoteItemController.message() is applicable for argument types: (java.lang.String) values: [Note was finalized]
Possible solutions: save(), isCase(java.lang.Object). Stacktrace follows:
groovy.lang.MissingMethodException: No signature of method: org.openlab.notes.NoteItemController.message() is applicable for argument types: (java.lang.String) values: [Note was finalized]
Possible solutions: save(), isCase(java.lang.Object)
	at org.openlab.notes.NoteItemController$$EOdaZijY.actualFinalize(NoteItemController.groovy:171)
	at java.util.concurrent.ThreadPoolExecutor.runWorker(ThreadPoolExecutor.java:1145)
	at java.util.concurrent.ThreadPoolExecutor$Worker.run(ThreadPoolExecutor.java:615)
	at java.lang.Thread.run(Thread.java:745)
2014-05-07/17:10:32.588 [http-bio-8080-exec-7]  ERROR richui.PortletTagLib - de.andreasschmitt.richui.taglib.renderer.RenderException: Error rendering with attrs: [views:[1, 2, 3, 4, 5, 6, 7, 8, 9, 10], controller:addin, action:/OpenLabFramework/addin/swapPositions, readOnly:true, page:1]
2014-05-07/17:39:37.204 [http-bio-8080-exec-6]  ERROR richui.PortletTagLib - de.andreasschmitt.richui.taglib.renderer.RenderException: Error rendering with attrs: [views:[1, 2, 3, 4, 5, 6, 7, 8, 9, 10], controller:addin, action:/OpenLabFramework/addin/swapPositions, readOnly:true, page:1]
2014-05-07/21:22:33.848 [http-bio-8080-exec-5]  ERROR [/OpenLabFramework].[default] - Servlet.service() for servlet [default] in context with path [/OpenLabFramework] threw exception
org.codehaus.groovy.grails.web.pages.exceptions.GroovyPagesException: Error applying layout : main
	at org.codehaus.groovy.grails.web.sitemesh.SpringMVCViewDecorator.render(SpringMVCViewDecorator.java:74)
	at org.codehaus.groovy.grails.web.sitemesh.SpringMVCViewDecorator.render(SpringMVCViewDecorator.java:52)
	at org.codehaus.groovy.grails.web.sitemesh.GrailsPageFilter.doFilter(GrailsPageFilter.java:161)
	at org.apache.catalina.core.ApplicationFilterChain.internalDoFilter(ApplicationFilterChain.java:243)
	at org.apache.catalina.core.ApplicationFilterChain.doFilter(ApplicationFilterChain.java:210)
	at javax.servlet.FilterChain$doFilter.call(Unknown Source)
	at org.grails.plugin.resource.DevModeSanityFilter.doFilter(DevModeSanityFilter.groovy:44)
	at org.apache.catalina.core.ApplicationFilterChain.internalDoFilter(ApplicationFilterChain.java:243)
	at org.apache.catalina.core.ApplicationFilterChain.doFilter(ApplicationFilterChain.java:210)
	at org.springframework.security.web.FilterChainProxy$VirtualFilterChain.doFilter(FilterChainProxy.java:369)
	at org.springframework.security.web.access.intercept.FilterSecurityInterceptor.invoke(FilterSecurityInterceptor.java:109)
	at org.springframework.security.web.access.intercept.FilterSecurityInterceptor.doFilter(FilterSecurityInterceptor.java:83)
	at org.springframework.security.web.FilterChainProxy$VirtualFilterChain.doFilter(FilterChainProxy.java:381)
	at org.springframework.security.web.access.ExceptionTranslationFilter.doFilter(ExceptionTranslationFilter.java:97)
	at org.springframework.security.web.FilterChainProxy$VirtualFilterChain.doFilter(FilterChainProxy.java:381)
	at org.springframework.security.web.authentication.AnonymousAuthenticationFilter.doFilter(AnonymousAuthenticationFilter.java:78)
	at org.springframework.security.web.FilterChainProxy$VirtualFilterChain.doFilter(FilterChainProxy.java:381)
	at org.springframework.security.web.authentication.rememberme.RememberMeAuthenticationFilter.doFilter(RememberMeAuthenticationFilter.java:112)
	at org.springframework.security.web.FilterChainProxy$VirtualFilterChain.doFilter(FilterChainProxy.java:381)
	at org.springframework.security.web.servletapi.SecurityContextHolderAwareRequestFilter.doFilter(SecurityContextHolderAwareRequestFilter.java:54)
	at org.springframework.security.web.FilterChainProxy$VirtualFilterChain.doFilter(FilterChainProxy.java:381)
	at org.springframework.security.web.authentication.AbstractAuthenticationProcessingFilter.doFilter(AbstractAuthenticationProcessingFilter.java:187)
	at org.codehaus.groovy.grails.plugins.springsecurity.RequestHolderAuthenticationFilter.doFilter(RequestHolderAuthenticationFilter.java:40)
	at org.springframework.security.web.FilterChainProxy$VirtualFilterChain.doFilter(FilterChainProxy.java:381)
	at org.codehaus.groovy.grails.plugins.springsecurity.MutableLogoutFilter.doFilter(MutableLogoutFilter.java:79)
	at org.springframework.security.web.FilterChainProxy$VirtualFilterChain.doFilter(FilterChainProxy.java:381)
	at org.springframework.security.web.context.SecurityContextPersistenceFilter.doFilter(SecurityContextPersistenceFilter.java:79)
	at org.springframework.security.web.FilterChainProxy$VirtualFilterChain.doFilter(FilterChainProxy.java:381)
	at org.springframework.security.web.FilterChainProxy.doFilter(FilterChainProxy.java:168)
	at org.springframework.web.filter.DelegatingFilterProxy.invokeDelegate(DelegatingFilterProxy.java:346)
	at org.springframework.web.filter.DelegatingFilterProxy.doFilter(DelegatingFilterProxy.java:259)
	at org.apache.catalina.core.ApplicationFilterChain.internalDoFilter(ApplicationFilterChain.java:243)
	at org.apache.catalina.core.ApplicationFilterChain.doFilter(ApplicationFilterChain.java:210)
	at org.codehaus.groovy.grails.web.servlet.mvc.GrailsWebRequestFilter.doFilterInternal(GrailsWebRequestFilter.java:69)
	at org.springframework.web.filter.OncePerRequestFilter.doFilter(OncePerRequestFilter.java:76)
	at org.apache.catalina.core.ApplicationFilterChain.internalDoFilter(ApplicationFilterChain.java:243)
	at org.apache.catalina.core.ApplicationFilterChain.doFilter(ApplicationFilterChain.java:210)
	at org.codehaus.groovy.grails.web.filters.HiddenHttpMethodFilter.doFilterInternal(HiddenHttpMethodFilter.java:66)
	at org.springframework.web.filter.OncePerRequestFilter.doFilter(OncePerRequestFilter.java:76)
	at org.apache.catalina.core.ApplicationFilterChain.internalDoFilter(ApplicationFilterChain.java:243)
	at org.apache.catalina.core.ApplicationFilterChain.doFilter(ApplicationFilterChain.java:210)
	at org.springframework.web.filter.CharacterEncodingFilter.doFilterInternal(CharacterEncodingFilter.java:88)
	at org.springframework.web.filter.OncePerRequestFilter.doFilter(OncePerRequestFilter.java:76)
	at org.springframework.web.filter.DelegatingFilterProxy.invokeDelegate(DelegatingFilterProxy.java:346)
	at org.springframework.web.filter.DelegatingFilterProxy.doFilter(DelegatingFilterProxy.java:259)
	at org.apache.catalina.core.ApplicationFilterChain.internalDoFilter(ApplicationFilterChain.java:243)
	at org.apache.catalina.core.ApplicationFilterChain.doFilter(ApplicationFilterChain.java:210)
	at org.apache.catalina.core.StandardWrapperValve.invoke(StandardWrapperValve.java:222)
	at org.apache.catalina.core.StandardContextValve.invoke(StandardContextValve.java:123)
	at org.apache.catalina.core.StandardHostValve.invoke(StandardHostValve.java:171)
	at org.apache.catalina.valves.ErrorReportValve.invoke(ErrorReportValve.java:99)
	at org.apache.catalina.core.StandardEngineValve.invoke(StandardEngineValve.java:118)
	at org.apache.catalina.connector.CoyoteAdapter.service(CoyoteAdapter.java:408)
	at org.apache.coyote.http11.AbstractHttp11Processor.process(AbstractHttp11Processor.java:1023)
	at org.apache.coyote.AbstractProtocol$AbstractConnectionHandler.process(AbstractProtocol.java:589)
	at org.apache.tomcat.util.net.JIoEndpoint$SocketProcessor.run(JIoEndpoint.java:312)
	at java.util.concurrent.ThreadPoolExecutor.runWorker(ThreadPoolExecutor.java:1145)
	at java.util.concurrent.ThreadPoolExecutor$Worker.run(ThreadPoolExecutor.java:615)
	at java.lang.Thread.run(Thread.java:745)
Caused by: org.codehaus.groovy.grails.web.pages.exceptions.GroovyPagesException: Error processing GroovyPageView: Error executing tag <r:script>: Error evaluating expression [g.userSetting(key:"left.column.collapse")?:false] on line [122]: No such property: username for class: java.lang.String
	at org.codehaus.groovy.grails.web.servlet.view.GroovyPageView.createGroovyPageException(GroovyPageView.java:205)
	at org.codehaus.groovy.grails.web.servlet.view.GroovyPageView.handleException(GroovyPageView.java:181)
	at org.codehaus.groovy.grails.web.servlet.view.GroovyPageView.renderWithTemplateEngine(GroovyPageView.java:152)
	at org.codehaus.groovy.grails.web.servlet.view.GroovyPageView.renderMergedOutputModel(GroovyPageView.java:83)
	at org.springframework.web.servlet.view.AbstractView.render(AbstractView.java:262)
	at org.codehaus.groovy.grails.web.sitemesh.SpringMVCViewDecorator.render(SpringMVCViewDecorator.java:67)
	... 58 more
Caused by: org.codehaus.groovy.grails.web.taglib.exceptions.GrailsTagException: Error executing tag <r:script>: Error evaluating expression [g.userSetting(key:"left.column.collapse")?:false] on line [122]: No such property: username for class: java.lang.String
	at org.codehaus.groovy.grails.web.pages.GroovyPage.throwRootCause(GroovyPage.java:464)
	at org.codehaus.groovy.grails.web.pages.GroovyPage.invokeTag(GroovyPage.java:452)
	at sun.reflect.GeneratedMethodAccessor613.invoke(Unknown Source)
	at sun.reflect.DelegatingMethodAccessorImpl.invoke(DelegatingMethodAccessorImpl.java:43)
	at java.lang.reflect.Method.invoke(Method.java:606)
	at org.springsource.loaded.ri.ReflectiveInterceptor.jlrMethodInvoke(ReflectiveInterceptor.java:1259)
	at org.codehaus.groovy.reflection.CachedMethod.invoke(CachedMethod.java:90)
	at groovy.lang.MetaMethod.doMethodInvoke(MetaMethod.java:233)
	at groovy.lang.MetaClassImpl.invokeMethod(MetaClassImpl.java:1082)
	at groovy.lang.ExpandoMetaClass.invokeMethod(ExpandoMetaClass.java:1106)
	at groovy.lang.MetaClassImpl.invokeMethod(MetaClassImpl.java:906)
	at groovy.lang.MetaClassImpl.invokeMethod(MetaClassImpl.java:986)
	at groovy.lang.ExpandoMetaClass.invokeMethod(ExpandoMetaClass.java:1106)
	at groovy.lang.MetaClassImpl.invokeMethod(MetaClassImpl.java:906)
	at org.codehaus.groovy.runtime.callsite.PogoMetaClassSite.callCurrent(PogoMetaClassSite.java:66)
	at org.codehaus.groovy.runtime.callsite.CallSiteArray.defaultCallCurrent(CallSiteArray.java:49)
	at org.codehaus.groovy.runtime.callsite.AbstractCallSite.callCurrent(AbstractCallSite.java:133)
	at home_franz_new_grails_OpenLabFramework_grails_app_views_layouts_main_gsp$_run_closure2.doCall(home_franz_new_grails_OpenLabFramework_grails_app_views_layouts_main_gsp:113)
	at sun.reflect.NativeMethodAccessorImpl.invoke0(Native Method)
	at sun.reflect.NativeMethodAccessorImpl.invoke(NativeMethodAccessorImpl.java:57)
	at sun.reflect.DelegatingMethodAccessorImpl.invoke(DelegatingMethodAccessorImpl.java:43)
	at java.lang.reflect.Method.invoke(Method.java:606)
	at org.springsource.loaded.ri.ReflectiveInterceptor.jlrMethodInvoke(ReflectiveInterceptor.java:1259)
	at org.codehaus.groovy.reflection.CachedMethod.invoke(CachedMethod.java:90)
	at groovy.lang.MetaMethod.doMethodInvoke(MetaMethod.java:233)
	at groovy.lang.MetaClassImpl.invokeMethod(MetaClassImpl.java:1082)
	at groovy.lang.ExpandoMetaClass.invokeMethod(ExpandoMetaClass.java:1106)
	at groovy.lang.MetaClassImpl.invokeMethod(MetaClassImpl.java:906)
	at groovy.lang.Closure.call(Closure.java:412)
	at groovy.lang.Closure.call(Closure.java:406)
	at org.codehaus.groovy.grails.web.taglib.GroovyPageTagBody.executeClosure(GroovyPageTagBody.java:205)
	at org.codehaus.groovy.grails.web.taglib.GroovyPageTagBody.captureClosureOutput(GroovyPageTagBody.java:107)
	at org.codehaus.groovy.grails.web.taglib.GroovyPageTagBody.call(GroovyPageTagBody.java:218)
	at java_util_concurrent_Callable$call.call(Unknown Source)
	at org.codehaus.groovy.grails.plugins.web.taglib.SitemeshTagLib.captureTagContent(SitemeshTagLib.groovy:41)
	at org.codehaus.groovy.grails.plugins.web.taglib.SitemeshTagLib.captureTagContent(SitemeshTagLib.groovy)
	at sun.reflect.GeneratedMethodAccessor718.invoke(Unknown Source)
	at sun.reflect.DelegatingMethodAccessorImpl.invoke(DelegatingMethodAccessorImpl.java:43)
	at java.lang.reflect.Method.invoke(Method.java:606)
	at org.springsource.loaded.ri.ReflectiveInterceptor.jlrMethodInvoke(ReflectiveInterceptor.java:1259)
	at org.codehaus.groovy.reflection.CachedMethod.invoke(CachedMethod.java:90)
	at groovy.lang.MetaMethod.doMethodInvoke(MetaMethod.java:233)
	at groovy.lang.MetaClassImpl.invokeMethod(MetaClassImpl.java:1082)
	at groovy.lang.ExpandoMetaClass.invokeMethod(ExpandoMetaClass.java:1106)
	at groovy.lang.MetaClassImpl.invokeMethod(MetaClassImpl.java:906)
	at groovy.lang.MetaClassImpl.invokeMethod(MetaClassImpl.java:1027)
	at groovy.lang.ExpandoMetaClass.invokeMethod(ExpandoMetaClass.java:1106)
	at groovy.lang.MetaClassImpl.invokeMethod(MetaClassImpl.java:906)
	at org.codehaus.groovy.runtime.callsite.PogoMetaClassSite.callCurrent(PogoMetaClassSite.java:66)
	at org.codehaus.groovy.runtime.callsite.AbstractCallSite.callCurrent(AbstractCallSite.java:153)
	at org.codehaus.groovy.grails.plugins.web.taglib.SitemeshTagLib$_closure3.doCall(SitemeshTagLib.groovy:142)
	at sun.reflect.GeneratedMethodAccessor774.invoke(Unknown Source)
	at sun.reflect.DelegatingMethodAccessorImpl.invoke(DelegatingMethodAccessorImpl.java:43)
	at java.lang.reflect.Method.invoke(Method.java:606)
	at org.springsource.loaded.ri.ReflectiveInterceptor.jlrMethodInvoke(ReflectiveInterceptor.java:1259)
	at org.codehaus.groovy.reflection.CachedMethod.invoke(CachedMethod.java:90)
	at groovy.lang.MetaMethod.doMethodInvoke(MetaMethod.java:233)
	at groovy.lang.MetaClassImpl.invokeMethod(MetaClassImpl.java:1082)
	at groovy.lang.ExpandoMetaClass.invokeMethod(ExpandoMetaClass.java:1106)
	at groovy.lang.MetaClassImpl.invokeMethod(MetaClassImpl.java:906)
	at groovy.lang.Closure.call(Closure.java:412)
	at org.codehaus.groovy.grails.web.pages.GroovyPage.invokeTag(GroovyPage.java:399)
	at org.codehaus.groovy.grails.web.pages.GroovyPage$invokeTag.callCurrent(Unknown Source)
	at org.codehaus.groovy.runtime.callsite.CallSiteArray.defaultCallCurrent(CallSiteArray.java:49)
	at org.codehaus.groovy.runtime.callsite.AbstractCallSite.callCurrent(AbstractCallSite.java:133)
	at home_franz_new_grails_OpenLabFramework_grails_app_views_layouts_main_gsp.run(home_franz_new_grails_OpenLabFramework_grails_app_views_layouts_main_gsp:134)
	at org.codehaus.groovy.grails.web.pages.GroovyPageWritable.writeTo(GroovyPageWritable.java:218)
	at org.codehaus.groovy.grails.web.servlet.view.GroovyPageView.renderWithTemplateEngine(GroovyPageView.java:148)
	... 61 more
Caused by: org.codehaus.groovy.grails.web.pages.exceptions.GroovyPagesException: Error evaluating expression [g.userSetting(key:"left.column.collapse")?:false] on line [122]: No such property: username for class: java.lang.String
	at org.codehaus.groovy.grails.web.pages.GroovyPage.evaluate(GroovyPage.java:285)
	at sun.reflect.GeneratedMethodAccessor611.invoke(Unknown Source)
	at sun.reflect.DelegatingMethodAccessorImpl.invoke(DelegatingMethodAccessorImpl.java:43)
	at java.lang.reflect.Method.invoke(Method.java:606)
	at org.springsource.loaded.ri.ReflectiveInterceptor.jlrMethodInvoke(ReflectiveInterceptor.java:1259)
	at org.codehaus.groovy.reflection.CachedMethod.invoke(CachedMethod.java:90)
	at groovy.lang.MetaMethod.doMethodInvoke(MetaMethod.java:233)
	at groovy.lang.MetaClassImpl.invokeMethod(MetaClassImpl.java:1082)
	at groovy.lang.ExpandoMetaClass.invokeMethod(ExpandoMetaClass.java:1106)
	at groovy.lang.MetaClassImpl.invokeMethod(MetaClassImpl.java:906)
	at groovy.lang.MetaClassImpl.invokeMethod(MetaClassImpl.java:986)
	at groovy.lang.ExpandoMetaClass.invokeMethod(ExpandoMetaClass.java:1106)
	at groovy.lang.MetaClassImpl.invokeMethod(MetaClassImpl.java:906)
	at org.codehaus.groovy.runtime.callsite.PogoMetaClassSite.callCurrent(PogoMetaClassSite.java:66)
	at org.codehaus.groovy.runtime.callsite.CallSiteArray.defaultCallCurrent(CallSiteArray.java:49)
	at org.codehaus.groovy.runtime.callsite.AbstractCallSite.callCurrent(AbstractCallSite.java:133)
	at org.codehaus.groovy.runtime.callsite.AbstractCallSite.callCurrent(AbstractCallSite.java:153)
	at home_franz_new_grails_OpenLabFramework_grails_app_views_layouts_main_gsp$_run_closure2_closure28.doCall(home_franz_new_grails_OpenLabFramework_grails_app_views_layouts_main_gsp:100)
	at sun.reflect.NativeMethodAccessorImpl.invoke0(Native Method)
	at sun.reflect.NativeMethodAccessorImpl.invoke(NativeMethodAccessorImpl.java:57)
	at sun.reflect.DelegatingMethodAccessorImpl.invoke(DelegatingMethodAccessorImpl.java:43)
	at java.lang.reflect.Method.invoke(Method.java:606)
	at org.springsource.loaded.ri.ReflectiveInterceptor.jlrMethodInvoke(ReflectiveInterceptor.java:1259)
	at org.codehaus.groovy.reflection.CachedMethod.invoke(CachedMethod.java:90)
	at groovy.lang.MetaMethod.doMethodInvoke(MetaMethod.java:233)
	at groovy.lang.MetaClassImpl.invokeMethod(MetaClassImpl.java:1082)
	at groovy.lang.ExpandoMetaClass.invokeMethod(ExpandoMetaClass.java:1106)
	at groovy.lang.MetaClassImpl.invokeMethod(MetaClassImpl.java:906)
	at groovy.lang.Closure.call(Closure.java:412)
	at groovy.lang.Closure.call(Closure.java:406)
	at org.codehaus.groovy.grails.web.taglib.GroovyPageTagBody.executeClosure(GroovyPageTagBody.java:205)
	at org.codehaus.groovy.grails.web.taglib.GroovyPageTagBody.captureClosureOutput(GroovyPageTagBody.java:107)
	at org.codehaus.groovy.grails.web.taglib.GroovyPageTagBody.call(GroovyPageTagBody.java:218)
	at java_util_concurrent_Callable$call.call(Unknown Source)
	at org.codehaus.groovy.runtime.callsite.CallSiteArray.defaultCall(CallSiteArray.java:45)
	at java_util_concurrent_Callable$call.call(Unknown Source)
	at org.grails.plugin.resource.ResourceTagLib$_closure7.doCall(ResourceTagLib.groovy:420)
	at sun.reflect.NativeMethodAccessorImpl.invoke0(Native Method)
	at sun.reflect.NativeMethodAccessorImpl.invoke(NativeMethodAccessorImpl.java:57)
	at sun.reflect.DelegatingMethodAccessorImpl.invoke(DelegatingMethodAccessorImpl.java:43)
	at java.lang.reflect.Method.invoke(Method.java:606)
	at org.springsource.loaded.ri.ReflectiveInterceptor.jlrMethodInvoke(ReflectiveInterceptor.java:1259)
	at org.codehaus.groovy.reflection.CachedMethod.invoke(CachedMethod.java:90)
	at groovy.lang.MetaMethod.doMethodInvoke(MetaMethod.java:233)
	at groovy.lang.MetaClassImpl.invokeMethod(MetaClassImpl.java:1082)
	at groovy.lang.ExpandoMetaClass.invokeMethod(ExpandoMetaClass.java:1106)
	at groovy.lang.MetaClassImpl.invokeMethod(MetaClassImpl.java:906)
	at groovy.lang.Closure.call(Closure.java:412)
	at org.grails.plugin.resource.ResourceTagLib$_closure7.call(ResourceTagLib.groovy)
	at org.codehaus.groovy.grails.web.pages.GroovyPage.invokeTag(GroovyPage.java:399)
	... 127 more
Caused by: groovy.lang.MissingPropertyException: No such property: username for class: java.lang.String
	at org.codehaus.groovy.runtime.ScriptBytecodeAdapter.unwrap(ScriptBytecodeAdapter.java:50)
	at org.codehaus.groovy.runtime.callsite.PojoMetaClassGetPropertySite.callGetProperty(PojoMetaClassGetPropertySite.java:43)
	at org.codehaus.groovy.runtime.callsite.AbstractCallSite.callGetPropertySafe(AbstractCallSite.java:333)
	at org.openlab.settings.SettingsService$_closure4.doCall(SettingsService.groovy:69)
	at sun.reflect.GeneratedMethodAccessor736.invoke(Unknown Source)
	at sun.reflect.DelegatingMethodAccessorImpl.invoke(DelegatingMethodAccessorImpl.java:43)
	at java.lang.reflect.Method.invoke(Method.java:606)
	at org.springsource.loaded.ri.ReflectiveInterceptor.jlrMethodInvoke(ReflectiveInterceptor.java:1259)
	at org.codehaus.groovy.reflection.CachedMethod.invoke(CachedMethod.java:90)
	at groovy.lang.MetaMethod.doMethodInvoke(MetaMethod.java:233)
	at groovy.lang.MetaClassImpl.invokeMethod(MetaClassImpl.java:1082)
	at groovy.lang.ExpandoMetaClass.invokeMethod(ExpandoMetaClass.java:1106)
	at groovy.lang.MetaClassImpl.invokePropertyOrMissing(MetaClassImpl.java:1121)
	at groovy.lang.MetaClassImpl.invokeMethod(MetaClassImpl.java:1084)
	at groovy.lang.ExpandoMetaClass.invokeMethod(ExpandoMetaClass.java:1106)
	at groovy.lang.MetaClassImpl.invokeMethod(MetaClassImpl.java:906)
	at org.codehaus.groovy.runtime.callsite.PogoMetaClassSite.call(PogoMetaClassSite.java:39)
	at org.codehaus.groovy.runtime.callsite.AbstractCallSite.call(AbstractCallSite.java:116)
	at org.openlab.taglib.UsersTagLib$_closure5.doCall(UsersTagLib.groovy:65)
	at sun.reflect.NativeMethodAccessorImpl.invoke0(Native Method)
	at sun.reflect.NativeMethodAccessorImpl.invoke(NativeMethodAccessorImpl.java:57)
	at sun.reflect.DelegatingMethodAccessorImpl.invoke(DelegatingMethodAccessorImpl.java:43)
	at java.lang.reflect.Method.invoke(Method.java:606)
	at org.springsource.loaded.ri.ReflectiveInterceptor.jlrMethodInvoke(ReflectiveInterceptor.java:1259)
	at org.codehaus.groovy.reflection.CachedMethod.invoke(CachedMethod.java:90)
	at groovy.lang.MetaMethod.doMethodInvoke(MetaMethod.java:233)
	at groovy.lang.MetaClassImpl.invokeMethod(MetaClassImpl.java:1082)
	at groovy.lang.ExpandoMetaClass.invokeMethod(ExpandoMetaClass.java:1106)
	at groovy.lang.MetaClassImpl.invokeMethod(MetaClassImpl.java:906)
	at groovy.lang.Closure.call(Closure.java:412)
	at org.openlab.taglib.UsersTagLib$_closure5.call(UsersTagLib.groovy)
	at org.codehaus.groovy.grails.web.pages.GroovyPage.captureTagOutput(GroovyPage.java:512)
	at org.codehaus.groovy.grails.web.pages.GroovyPage$captureTagOutput.call(Unknown Source)
	at org.openlab.taglib.UsersTagLib.userSetting(UsersTagLib.groovy)
	at sun.reflect.NativeMethodAccessorImpl.invoke0(Native Method)
	at sun.reflect.NativeMethodAccessorImpl.invoke(NativeMethodAccessorImpl.java:57)
	at sun.reflect.DelegatingMethodAccessorImpl.invoke(DelegatingMethodAccessorImpl.java:43)
	at java.lang.reflect.Method.invoke(Method.java:606)
	at org.springsource.loaded.ri.ReflectiveInterceptor.jlrMethodInvoke(ReflectiveInterceptor.java:1259)
	at org.codehaus.groovy.reflection.CachedMethod.invoke(CachedMethod.java:90)
	at org.codehaus.groovy.reflection.CachedMethod$invoke.call(Unknown Source)
	at org.codehaus.groovy.runtime.callsite.CallSiteArray.defaultCall(CallSiteArray.java:45)
	at org.codehaus.groovy.reflection.CachedMethod$invoke.call(Unknown Source)
	at org.codehaus.groovy.grails.web.pages.GroovyPagesMetaUtils.methodMissingForTagLib(GroovyPagesMetaUtils.groovy:36)
	at org.codehaus.groovy.grails.web.pages.GroovyPagesMetaUtils$methodMissingForTagLib.call(Unknown Source)
	at org.codehaus.groovy.grails.web.taglib.NamespacedTagDispatcher.methodMissing(NamespacedTagDispatcher.groovy:59)
	at sun.reflect.GeneratedMethodAccessor632.invoke(Unknown Source)
	at sun.reflect.DelegatingMethodAccessorImpl.invoke(DelegatingMethodAccessorImpl.java:43)
	at java.lang.reflect.Method.invoke(Method.java:606)
	at org.springsource.loaded.ri.ReflectiveInterceptor.jlrMethodInvoke(ReflectiveInterceptor.java:1259)
	at org.codehaus.groovy.reflection.CachedMethod.invoke(CachedMethod.java:90)
	at groovy.lang.MetaClassImpl.invokeMissingMethod(MetaClassImpl.java:834)
	at groovy.lang.MetaClassImpl.invokePropertyOrMissing(MetaClassImpl.java:1131)
	at groovy.lang.MetaClassImpl.invokeMethod(MetaClassImpl.java:1084)
	at groovy.lang.ExpandoMetaClass.invokeMethod(ExpandoMetaClass.java:1106)
	at groovy.lang.MetaClassImpl.invokeMethod(MetaClassImpl.java:906)
	at org.codehaus.groovy.runtime.callsite.PogoMetaClassSite.call(PogoMetaClassSite.java:39)
	at org.codehaus.groovy.runtime.callsite.CallSiteArray.defaultCall(CallSiteArray.java:45)
	at org.codehaus.groovy.runtime.callsite.AbstractCallSite.call(AbstractCallSite.java:108)
	at org.codehaus.groovy.runtime.callsite.AbstractCallSite.call(AbstractCallSite.java:116)
	at home_franz_new_grails_OpenLabFramework_grails_app_views_layouts_main_gsp$_run_closure2_closure28_closure41.doCall(home_franz_new_grails_OpenLabFramework_grails_app_views_layouts_main_gsp:100)
	at sun.reflect.NativeMethodAccessorImpl.invoke0(Native Method)
	at sun.reflect.NativeMethodAccessorImpl.invoke(NativeMethodAccessorImpl.java:57)
	at sun.reflect.DelegatingMethodAccessorImpl.invoke(DelegatingMethodAccessorImpl.java:43)
	at java.lang.reflect.Method.invoke(Method.java:606)
	at org.springsource.loaded.ri.ReflectiveInterceptor.jlrMethodInvoke(ReflectiveInterceptor.java:1259)
	at org.codehaus.groovy.reflection.CachedMethod.invoke(CachedMethod.java:90)
	at groovy.lang.MetaMethod.doMethodInvoke(MetaMethod.java:233)
	at groovy.lang.MetaClassImpl.invokeMethod(MetaClassImpl.java:1082)
	at groovy.lang.ExpandoMetaClass.invokeMethod(ExpandoMetaClass.java:1106)
	at groovy.lang.MetaClassImpl.invokeMethod(MetaClassImpl.java:906)
	at groovy.lang.Closure.call(Closure.java:412)
	at groovy.lang.Closure.call(Closure.java:425)
	at org.codehaus.groovy.grails.web.pages.GroovyPage.evaluate(GroovyPage.java:283)
	... 176 more
2014-05-07/21:22:47.568 [http-bio-8080-exec-7]  ERROR richui.PortletTagLib - de.andreasschmitt.richui.taglib.renderer.RenderException: Error rendering with attrs: [views:[1, 2, 3, 4, 5, 6, 7, 8, 9, 10], controller:addin, action:/OpenLabFramework/addin/swapPositions, readOnly:true, page:1]
2014-05-07/21:22:56.285 [http-bio-8080-exec-4]  ERROR richui.PortletTagLib - de.andreasschmitt.richui.taglib.renderer.RenderException: Error rendering with attrs: [views:[1, 2, 3, 4, 5, 6, 7, 8, 9, 10], controller:addin, action:/OpenLabFramework/addin/swapPositions, readOnly:true, page:1]
2014-05-07/21:33:07.398 [http-bio-8080-exec-7]  ERROR errors.GrailsExceptionResolver - ValidationException occurred when processing request: [POST] /OpenLabFramework/noteItem/save - parameters:
title: 
status: open
note: 
Validation Error(s) occurred during save():
- Field error in object 'org.openlab.notes.NoteItem' on field 'title': rejected value []; codes [org.openlab.notes.NoteItem.title.blank.error.org.openlab.notes.NoteItem.title,org.openlab.notes.NoteItem.title.blank.error.title,org.openlab.notes.NoteItem.title.blank.error.java.lang.String,org.openlab.notes.NoteItem.title.blank.error,noteItem.title.blank.error.org.openlab.notes.NoteItem.title,noteItem.title.blank.error.title,noteItem.title.blank.error.java.lang.String,noteItem.title.blank.error,org.openlab.notes.NoteItem.title.blank.org.openlab.notes.NoteItem.title,org.openlab.notes.NoteItem.title.blank.title,org.openlab.notes.NoteItem.title.blank.java.lang.String,org.openlab.notes.NoteItem.title.blank,noteItem.title.blank.org.openlab.notes.NoteItem.title,noteItem.title.blank.title,noteItem.title.blank.java.lang.String,noteItem.title.blank,blank.org.openlab.notes.NoteItem.title,blank.title,blank.java.lang.String,blank]; arguments [title,class org.openlab.notes.NoteItem]; default message [Property [{0}] of class [{1}] cannot be blank]
- Field error in object 'org.openlab.notes.NoteItem' on field 'note': rejected value []; codes [org.openlab.notes.NoteItem.note.blank.error.org.openlab.notes.NoteItem.note,org.openlab.notes.NoteItem.note.blank.error.note,org.openlab.notes.NoteItem.note.blank.error.java.lang.String,org.openlab.notes.NoteItem.note.blank.error,noteItem.note.blank.error.org.openlab.notes.NoteItem.note,noteItem.note.blank.error.note,noteItem.note.blank.error.java.lang.String,noteItem.note.blank.error,org.openlab.notes.NoteItem.note.blank.org.openlab.notes.NoteItem.note,org.openlab.notes.NoteItem.note.blank.note,org.openlab.notes.NoteItem.note.blank.java.lang.String,org.openlab.notes.NoteItem.note.blank,noteItem.note.blank.org.openlab.notes.NoteItem.note,noteItem.note.blank.note,noteItem.note.blank.java.lang.String,noteItem.note.blank,blank.org.openlab.notes.NoteItem.note,blank.note,blank.java.lang.String,blank]; arguments [note,class org.openlab.notes.NoteItem]; default message [Property [{0}] of class [{1}] cannot be blank]
. Stacktrace follows:
grails.validation.ValidationException: Validation Error(s) occurred during save():
- Field error in object 'org.openlab.notes.NoteItem' on field 'title': rejected value []; codes [org.openlab.notes.NoteItem.title.blank.error.org.openlab.notes.NoteItem.title,org.openlab.notes.NoteItem.title.blank.error.title,org.openlab.notes.NoteItem.title.blank.error.java.lang.String,org.openlab.notes.NoteItem.title.blank.error,noteItem.title.blank.error.org.openlab.notes.NoteItem.title,noteItem.title.blank.error.title,noteItem.title.blank.error.java.lang.String,noteItem.title.blank.error,org.openlab.notes.NoteItem.title.blank.org.openlab.notes.NoteItem.title,org.openlab.notes.NoteItem.title.blank.title,org.openlab.notes.NoteItem.title.blank.java.lang.String,org.openlab.notes.NoteItem.title.blank,noteItem.title.blank.org.openlab.notes.NoteItem.title,noteItem.title.blank.title,noteItem.title.blank.java.lang.String,noteItem.title.blank,blank.org.openlab.notes.NoteItem.title,blank.title,blank.java.lang.String,blank]; arguments [title,class org.openlab.notes.NoteItem]; default message [Property [{0}] of class [{1}] cannot be blank]
- Field error in object 'org.openlab.notes.NoteItem' on field 'note': rejected value []; codes [org.openlab.notes.NoteItem.note.blank.error.org.openlab.notes.NoteItem.note,org.openlab.notes.NoteItem.note.blank.error.note,org.openlab.notes.NoteItem.note.blank.error.java.lang.String,org.openlab.notes.NoteItem.note.blank.error,noteItem.note.blank.error.org.openlab.notes.NoteItem.note,noteItem.note.blank.error.note,noteItem.note.blank.error.java.lang.String,noteItem.note.blank.error,org.openlab.notes.NoteItem.note.blank.org.openlab.notes.NoteItem.note,org.openlab.notes.NoteItem.note.blank.note,org.openlab.notes.NoteItem.note.blank.java.lang.String,org.openlab.notes.NoteItem.note.blank,noteItem.note.blank.org.openlab.notes.NoteItem.note,noteItem.note.blank.note,noteItem.note.blank.java.lang.String,noteItem.note.blank,blank.org.openlab.notes.NoteItem.note,blank.note,blank.java.lang.String,blank]; arguments [note,class org.openlab.notes.NoteItem]; default message [Property [{0}] of class [{1}] cannot be blank]

	at org.openlab.notes.NoteItemController.save(NoteItemController.groovy:29)
	at java.util.concurrent.ThreadPoolExecutor.runWorker(ThreadPoolExecutor.java:1145)
	at java.util.concurrent.ThreadPoolExecutor$Worker.run(ThreadPoolExecutor.java:615)
	at java.lang.Thread.run(Thread.java:745)
2014-05-07/21:35:38.788 [http-bio-8080-exec-8]  ERROR richui.PortletTagLib - de.andreasschmitt.richui.taglib.renderer.RenderException: Error rendering with attrs: [views:[1, 2, 3, 4, 5, 6, 7, 8, 9, 10], controller:addin, action:/OpenLabFramework/addin/swapPositions, readOnly:true, page:1]
2014-05-07/21:50:05.459 [http-bio-8080-exec-9]  ERROR richui.PortletTagLib - de.andreasschmitt.richui.taglib.renderer.RenderException: Error rendering with attrs: [views:[1, 2, 3, 4, 5, 6, 7, 8, 9, 10], controller:addin, action:/OpenLabFramework/addin/swapPositions, readOnly:true, page:1]
2014-05-07/22:10:00.833 [http-bio-8080-exec-10]  ERROR richui.PortletTagLib - de.andreasschmitt.richui.taglib.renderer.RenderException: Error rendering with attrs: [views:[1, 2, 3, 4, 5, 6, 7, 8, 9, 10], controller:addin, action:/OpenLabFramework/addin/swapPositions, readOnly:true, page:1]
